<?xml version="1.0" encoding="UTF-8"?>
<testsuite name="in.co.gorest.userinfo.UserCurdTest" time="7.551" tests="4" errors="0" skipped="0" failures="3">
  <properties>
[...]
</properties>
  <testcase name="test001" classname="in.co.gorest.userinfo.UserCurdTest" time="4.558"/>
  <testcase name="test002" classname="in.co.gorest.userinfo.UserCurdTest" time="1.245">
    <failure message="&#10;Expected: map containing [ANYTHING-&gt;&quot;john26163&quot;]&#10;     but: map was [&lt;gender=male&gt;, &lt;name=john1823&gt;, &lt;id=3970&gt;, &lt;email=john76736@gmail.com&gt;, &lt;status=active&gt;]" type="java.lang.AssertionError"><![CDATA[java.lang.AssertionError: 
Expected: map containing [ANYTHING->"john26163"]
     but: map was [<gender=male>, <name=john1823>, <id=3970>, <email=john76736@gmail.com>, <status=active>]
	at org.hamcrest.MatcherAssert.assertThat(MatcherAssert.java:20)
	at org.junit.Assert.assertThat(Assert.java:956)
	at org.junit.Assert.assertThat(Assert.java:923)
	at in.co.gorest.userinfo.UserCurdTest.test002(UserCurdTest.java:39)
]]></failure>
    <system-out><![CDATA[HTTP/1.1 200 OK
Server: nginx
Date: Tue, 21 Jun 2022 05:33:34 GMT
Content-Type: application/json; charset=utf-8
Transfer-Encoding: chunked
Connection: keep-alive
Vary: Accept-Encoding
X-Frame-Options: SAMEORIGIN
X-XSS-Protection: 0
X-Content-Type-Options: nosniff
X-Download-Options: noopen
X-Permitted-Cross-Domain-Policies: none
Referrer-Policy: strict-origin-when-cross-origin
X-RateLimit-Limit: 90
X-RateLimit-Remaining: 88
X-RateLimit-Reset: 2
X-Pagination-Total: 3379
X-Pagination-Pages: 169
X-Pagination-Page: 1
X-Pagination-Limit: 20
X-Links-Previous: 
X-Links-Current: https://gorest.co.in/public/v2/users?page=1
X-Links-Next: https://gorest.co.in/public/v2/users?page=2
ETag: W/"0cc50eda22202814252bb378826a7dd7"
Cache-Control: max-age=0, private, must-revalidate
X-Request-Id: 2387f5cd-2c8a-44ad-957c-6b28c207eefd
X-Runtime: 0.020442
Strict-Transport-Security: max-age=63072000; includeSubDomains
Vary: Origin
Content-Encoding: gzip

[
    {
        "id": 3970,
        "name": "john1823",
        "email": "john76736@gmail.com",
        "gender": "male",
        "status": "active"
    },
    {
        "id": 3969,
        "name": "john26163",
        "email": "john8130@gmail.com",
        "gender": "male",
        "status": "active"
    },
    {
        "id": 3419,
        "name": "Devdan Dutta",
        "email": "dutta_devdan@bartell-kessler.co",
        "gender": "female",
        "status": "active"
    },
    {
        "id": 3417,
        "name": "Gangesh Jha",
        "email": "jha_gangesh@schmidt.name",
        "gender": "female",
        "status": "active"
    },
    {
        "id": 3416,
        "name": "Charuvrat Mehrotra",
        "email": "mehrotra_charuvrat@raynor.io",
        "gender": "female",
        "status": "inactive"
    },
    {
        "id": 3415,
        "name": "Daksha Gowda",
        "email": "gowda_daksha@yost-breitenberg.biz",
        "gender": "female",
        "status": "inactive"
    },
    {
        "id": 3414,
        "name": "Priya Kaniyar V",
        "email": "v_priya_kaniyar@mayert-johnston.info",
        "gender": "female",
        "status": "inactive"
    },
    {
        "id": 3413,
        "name": "Abhirath Kapoor VM",
        "email": "kapoor_abhirath_vm@kihn-padberg.io",
        "gender": "male",
        "status": "inactive"
    },
    {
        "id": 3411,
        "name": "Padma Saini",
        "email": "padma_saini@bartell.info",
        "gender": "male",
        "status": "inactive"
    },
    {
        "id": 3408,
        "name": "Hamsini Gill",
        "email": "hamsini_gill@conroy-auer.com",
        "gender": "female",
        "status": "active"
    },
    {
        "id": 3407,
        "name": "Shresth Gupta",
        "email": "gupta_shresth@kub.io",
        "gender": "female",
        "status": "active"
    },
    {
        "id": 3406,
        "name": "Mayoor Dutta",
        "email": "dutta_mayoor@rohan.info",
        "gender": "male",
        "status": "inactive"
    },
    {
        "id": 3405,
        "name": "Ajit Sinha",
        "email": "sinha_ajit@purdy.com",
        "gender": "female",
        "status": "active"
    },
    {
        "id": 3404,
        "name": "Vidur Marar",
        "email": "marar_vidur@gibson.net",
        "gender": "female",
        "status": "active"
    },
    {
        "id": 3403,
        "name": "Chandramohan Bhattathiri III",
        "email": "iii_chandramohan_bhattathiri@sporer.net",
        "gender": "male",
        "status": "active"
    },
    {
        "id": 3402,
        "name": "Rupinder Ahuja JD",
        "email": "jd_ahuja_rupinder@grady.net",
        "gender": "male",
        "status": "inactive"
    },
    {
        "id": 3401,
        "name": "Udit Trivedi",
        "email": "trivedi_udit@friesen.org",
        "gender": "female",
        "status": "active"
    },
    {
        "id": 3400,
        "name": "Jagadish Panicker Sr.",
        "email": "sr_panicker_jagadish@kunde-collier.org",
        "gender": "female",
        "status": "active"
    },
    {
        "id": 3399,
        "name": "Amaresh Khanna",
        "email": "amaresh_khanna@oreilly-nienow.io",
        "gender": "male",
        "status": "inactive"
    },
    {
        "id": 3398,
        "name": "Suryakantam Devar",
        "email": "suryakantam_devar@huels.com",
        "gender": "female",
        "status": "inactive"
    }
]
]]></system-out>
    <system-err><![CDATA[5228 [main] INFO net.serenitybdd.core.Serenity - 
        __    _____ _____ ____ _____   ____   _    ____  ____  _____ ____  
  _     \ \  |_   _| ____/ ___|_   _| |  _ \ / \  / ___|/ ___|| ____|  _ \ 
 (_)_____| |   | | |  _| \___ \ | |   | |_) / _ \ \___ \\___ \|  _| | | | |
  _|_____| |   | | | |___ ___) || |   |  __/ ___ \ ___) |___) | |___| |_| |
 (_)     | |   |_| |_____|____/ |_|   |_| /_/   \_\____/|____/|_____|____/ 
        /_/                                                                

TEST PASSED: Test001
----------------------------------------------------------------------------
5233 [main] INFO net.serenitybdd.core.Serenity - 
 _____ _____ ____ _____   ____ _____  _    ____ _____ _____ ____  
|_   _| ____/ ___|_   _| / ___|_   _|/ \  |  _ \_   _| ____|  _ \ 
  | | |  _| \___ \ | |   \___ \ | | / _ \ | |_) || | |  _| | | | |
  | | | |___ ___) || |    ___) || |/ ___ \|  _ < | | | |___| |_| |
  |_| |_____|____/ |_|   |____/ |_/_/   \_\_| \_\|_| |_____|____/ 
                                                                  

TEST STARTED: test002
-------------------------------------------------------------------
5233 [main] INFO net.serenitybdd.core.Serenity - TEST NUMBER: 2
]]></system-err>
  </testcase>
  <testcase name="test003" classname="in.co.gorest.userinfo.UserCurdTest" time="0.935">
    <failure message="1 expectation failed.&#10;Expected status code &lt;200&gt; but was &lt;404&gt;.&#10;" type="java.lang.AssertionError"><![CDATA[java.lang.AssertionError: 1 expectation failed.
Expected status code <200> but was <404>.

	at sun.reflect.NativeConstructorAccessorImpl.newInstance0(Native Method)
	at sun.reflect.NativeConstructorAccessorImpl.newInstance(NativeConstructorAccessorImpl.java:62)
	at sun.reflect.DelegatingConstructorAccessorImpl.newInstance(DelegatingConstructorAccessorImpl.java:45)
	at java.lang.reflect.Constructor.newInstance(Constructor.java:423)
	at org.codehaus.groovy.reflection.CachedConstructor.invoke(CachedConstructor.java:83)
	at org.codehaus.groovy.reflection.CachedConstructor.doConstructorInvoke(CachedConstructor.java:77)
	at org.codehaus.groovy.runtime.callsite.ConstructorSite$ConstructorSiteNoUnwrap.callConstructor(ConstructorSite.java:84)
	at org.codehaus.groovy.runtime.callsite.CallSiteArray.defaultCallConstructor(CallSiteArray.java:60)
	at org.codehaus.groovy.runtime.callsite.AbstractCallSite.callConstructor(AbstractCallSite.java:235)
	at org.codehaus.groovy.runtime.callsite.AbstractCallSite.callConstructor(AbstractCallSite.java:247)
	at io.restassured.internal.ResponseSpecificationImpl$HamcrestAssertionClosure.validate(ResponseSpecificationImpl.groovy:471)
	at io.restassured.internal.ResponseSpecificationImpl$HamcrestAssertionClosure$validate$1.call(Unknown Source)
	at io.restassured.internal.ResponseSpecificationImpl.validateResponseIfRequired(ResponseSpecificationImpl.groovy:636)
	at sun.reflect.NativeMethodAccessorImpl.invoke0(Native Method)
	at sun.reflect.NativeMethodAccessorImpl.invoke(NativeMethodAccessorImpl.java:62)
	at sun.reflect.DelegatingMethodAccessorImpl.invoke(DelegatingMethodAccessorImpl.java:43)
	at java.lang.reflect.Method.invoke(Method.java:498)
	at org.codehaus.groovy.runtime.callsite.PogoMetaMethodSite$PogoCachedMethodSiteNoUnwrapNoCoerce.invoke(PogoMetaMethodSite.java:210)
	at org.codehaus.groovy.runtime.callsite.PogoMetaMethodSite.callCurrent(PogoMetaMethodSite.java:59)
	at org.codehaus.groovy.runtime.callsite.AbstractCallSite.callCurrent(AbstractCallSite.java:166)
	at io.restassured.internal.ResponseSpecificationImpl.statusCode(ResponseSpecificationImpl.groovy:122)
	at io.restassured.specification.ResponseSpecification$statusCode$0.callCurrent(Unknown Source)
	at io.restassured.internal.ResponseSpecificationImpl.statusCode(ResponseSpecificationImpl.groovy:130)
	at io.restassured.internal.ValidatableResponseOptionsImpl.statusCode(ValidatableResponseOptionsImpl.java:117)
	at in.co.gorest.userinfo.UserCurdTest.test003(UserCurdTest.java:50)
]]></failure>
    <system-out><![CDATA[HTTP/1.1 404 Not Found
Server: nginx
Date: Tue, 21 Jun 2022 05:33:36 GMT
Content-Type: application/json; charset=utf-8
Transfer-Encoding: chunked
Connection: keep-alive
Vary: Accept-Encoding
X-Frame-Options: SAMEORIGIN
X-XSS-Protection: 0
X-Content-Type-Options: nosniff
X-Download-Options: noopen
X-Permitted-Cross-Domain-Policies: none
Referrer-Policy: strict-origin-when-cross-origin
X-RateLimit-Limit: 90
X-RateLimit-Remaining: 86
X-RateLimit-Reset: 3
Cache-Control: no-cache
X-Request-Id: 7775fd60-7210-476e-9016-b254b0153536
X-Runtime: 0.012976
Strict-Transport-Security: max-age=63072000; includeSubDomains
Vary: Origin
Content-Encoding: gzip

{
    "message": "Resource not found"
}
]]></system-out>
    <system-err><![CDATA[6490 [main] ERROR net.serenitybdd.core.Serenity - 
           __  _____ _____ ____ _____   _____ _    ___ _     _____ ____  
  _       / / |_   _| ____/ ___|_   _| |  ___/ \  |_ _| |   | ____|  _ \ 
 (_)_____| |    | | |  _| \___ \ | |   | |_ / _ \  | || |   |  _| | | | |
  _|_____| |    | | | |___ ___) || |   |  _/ ___ \ | || |___| |___| |_| |
 (_)     | |    |_| |_____|____/ |_|   |_|/_/   \_\___|_____|_____|____/ 
          \_\                                                            

TEST FAILED: Test002
--------------------------------------------------------------------------
6501 [main] ERROR net.serenitybdd.core.Serenity - Expected: map containing [ANYTHING->"john26163"] but: map was [<gender=male>, <name=john1823>, <id=3970>, <email=john76736@gmail.com>, <status=active>]
6503 [main] INFO net.serenitybdd.core.Serenity - 
 _____ _____ ____ _____   ____ _____  _    ____ _____ _____ ____  
|_   _| ____/ ___|_   _| / ___|_   _|/ \  |  _ \_   _| ____|  _ \ 
  | | |  _| \___ \ | |   \___ \ | | / _ \ | |_) || | |  _| | | | |
  | | | |___ ___) || |    ___) || |/ ___ \|  _ < | | | |___| |_| |
  |_| |_____|____/ |_|   |____/ |_/_/   \_\_| \_\|_| |_____|____/ 
                                                                  

TEST STARTED: test003
-------------------------------------------------------------------
6503 [main] INFO net.serenitybdd.core.Serenity - TEST NUMBER: 3
]]></system-err>
  </testcase>
  <testcase name="test004" classname="in.co.gorest.userinfo.UserCurdTest" time="0.813">
    <failure message="1 expectation failed.&#10;Expected status code &lt;204&gt; but was &lt;404&gt;.&#10;" type="java.lang.AssertionError"><![CDATA[java.lang.AssertionError: 1 expectation failed.
Expected status code <204> but was <404>.

	at sun.reflect.NativeConstructorAccessorImpl.newInstance0(Native Method)
	at sun.reflect.NativeConstructorAccessorImpl.newInstance(NativeConstructorAccessorImpl.java:62)
	at sun.reflect.DelegatingConstructorAccessorImpl.newInstance(DelegatingConstructorAccessorImpl.java:45)
	at java.lang.reflect.Constructor.newInstance(Constructor.java:423)
	at org.codehaus.groovy.reflection.CachedConstructor.invoke(CachedConstructor.java:83)
	at org.codehaus.groovy.reflection.CachedConstructor.doConstructorInvoke(CachedConstructor.java:77)
	at org.codehaus.groovy.runtime.callsite.ConstructorSite$ConstructorSiteNoUnwrap.callConstructor(ConstructorSite.java:84)
	at org.codehaus.groovy.runtime.callsite.AbstractCallSite.callConstructor(AbstractCallSite.java:247)
	at io.restassured.internal.ResponseSpecificationImpl$HamcrestAssertionClosure.validate(ResponseSpecificationImpl.groovy:471)
	at io.restassured.internal.ResponseSpecificationImpl$HamcrestAssertionClosure$validate$1.call(Unknown Source)
	at io.restassured.internal.ResponseSpecificationImpl.validateResponseIfRequired(ResponseSpecificationImpl.groovy:636)
	at sun.reflect.NativeMethodAccessorImpl.invoke0(Native Method)
	at sun.reflect.NativeMethodAccessorImpl.invoke(NativeMethodAccessorImpl.java:62)
	at sun.reflect.DelegatingMethodAccessorImpl.invoke(DelegatingMethodAccessorImpl.java:43)
	at java.lang.reflect.Method.invoke(Method.java:498)
	at org.codehaus.groovy.runtime.callsite.PogoMetaMethodSite$PogoCachedMethodSiteNoUnwrapNoCoerce.invoke(PogoMetaMethodSite.java:210)
	at org.codehaus.groovy.runtime.callsite.PogoMetaMethodSite.callCurrent(PogoMetaMethodSite.java:59)
	at org.codehaus.groovy.runtime.callsite.AbstractCallSite.callCurrent(AbstractCallSite.java:166)
	at io.restassured.internal.ResponseSpecificationImpl.statusCode(ResponseSpecificationImpl.groovy:122)
	at io.restassured.specification.ResponseSpecification$statusCode$0.callCurrent(Unknown Source)
	at io.restassured.internal.ResponseSpecificationImpl.statusCode(ResponseSpecificationImpl.groovy:130)
	at io.restassured.internal.ValidatableResponseOptionsImpl.statusCode(ValidatableResponseOptionsImpl.java:117)
	at in.co.gorest.userinfo.UserCurdTest.test004(UserCurdTest.java:58)
]]></failure>
    <system-out><![CDATA[HTTP/1.1 404 Not Found
Server: nginx
Date: Tue, 21 Jun 2022 05:33:37 GMT
Content-Type: application/json; charset=utf-8
Transfer-Encoding: chunked
Connection: keep-alive
Vary: Accept-Encoding
X-Frame-Options: SAMEORIGIN
X-XSS-Protection: 0
X-Content-Type-Options: nosniff
X-Download-Options: noopen
X-Permitted-Cross-Domain-Policies: none
Referrer-Policy: strict-origin-when-cross-origin
X-RateLimit-Limit: 90
X-RateLimit-Remaining: 86
X-RateLimit-Reset: 3
Cache-Control: no-cache
X-Request-Id: e6609e30-25a7-438a-b811-a10a251b7a65
X-Runtime: 0.013335
Strict-Transport-Security: max-age=63072000; includeSubDomains
Vary: Origin
Content-Encoding: gzip

{
    "message": "Resource not found"
}
]]></system-out>
    <system-err><![CDATA[7438 [main] ERROR net.serenitybdd.core.Serenity - 
           __  _____ _____ ____ _____   _____ _    ___ _     _____ ____  
  _       / / |_   _| ____/ ___|_   _| |  ___/ \  |_ _| |   | ____|  _ \ 
 (_)_____| |    | | |  _| \___ \ | |   | |_ / _ \  | || |   |  _| | | | |
  _|_____| |    | | | |___ ___) || |   |  _/ ___ \ | || |___| |___| |_| |
 (_)     | |    |_| |_____|____/ |_|   |_|/_/   \_\___|_____|_____|____/ 
          \_\                                                            

TEST FAILED: Test003
--------------------------------------------------------------------------
7438 [main] ERROR net.serenitybdd.core.Serenity - 1 expectation failed.Expected status code <200> but was <404>.
7438 [main] INFO net.serenitybdd.core.Serenity - 
 _____ _____ ____ _____   ____ _____  _    ____ _____ _____ ____  
|_   _| ____/ ___|_   _| / ___|_   _|/ \  |  _ \_   _| ____|  _ \ 
  | | |  _| \___ \ | |   \___ \ | | / _ \ | |_) || | |  _| | | | |
  | | | |___ ___) || |    ___) || |/ ___ \|  _ < | | | |___| |_| |
  |_| |_____|____/ |_|   |____/ |_/_/   \_\_| \_\|_| |_____|____/ 
                                                                  

TEST STARTED: test004
-------------------------------------------------------------------
7438 [main] INFO net.serenitybdd.core.Serenity - TEST NUMBER: 4
]]></system-err>
  </testcase>
</testsuite>