<?xml version="1.0" encoding="UTF-8"?><testsuite errors="0" failures="0" name="in.co.gorest.userinfo.UserCurdTest" skipped="0" tests="4" time="8.6" timestamp="2022-06-05T21:24:29.721+01:00[Europe/London]"><testcase classname="in.co.gorest.userinfo.UserCurdTest" name="Test001"/><testcase classname="in.co.gorest.userinfo.UserCurdTest" name="Test002"/><testcase classname="in.co.gorest.userinfo.UserCurdTest" name="Test003"/><testcase classname="in.co.gorest.userinfo.UserCurdTest" name="Test004"/></testsuite>